[2024-06-19T10:48:33,383][INFO ][main][org.springframework.test.context.support.AnnotationConfigContextLoaderUtils.detectDefaultConfigurationClasses] Could not detect default configuration classes for test class [com.example.internship_sender.DemoApplicationTests]: DemoApplicationTests does not declare any static, non-private, non-final, nested classes annotated with @Configuration.
[2024-06-19T10:48:33,517][INFO ][main][org.springframework.boot.test.context.SpringBootTestContextBootstrapper.getOrFindConfigurationClasses] Found @SpringBootConfiguration com.example.internship_sender.DemoApplication for test class com.example.internship_sender.DemoApplicationTests
[2024-06-19T10:48:34,155][INFO ][main][org.springframework.boot.StartupInfoLogger.logStarting] Starting DemoApplicationTests using Java 22.0.1 with PID 9372 (started by 1 in C:\Users\1\IdeaProjects\moduleProject\internship_sender)
[2024-06-19T10:48:34,155][INFO ][main][org.springframework.boot.StartupInfoLogger.logStarting] Starting DemoApplicationTests using Java 22.0.1 with PID 9372 (started by 1 in C:\Users\1\IdeaProjects\moduleProject\internship_sender)
[2024-06-19T10:48:34,163][INFO ][main][org.springframework.boot.SpringApplication.logStartupProfileInfo] No active profile set, falling back to 1 default profile: "default"
[2024-06-19T10:48:34,163][INFO ][main][org.springframework.boot.SpringApplication.logStartupProfileInfo] No active profile set, falling back to 1 default profile: "default"
[2024-06-19T10:48:35,436][INFO ][main][org.springframework.core.log.LogAccessor.info] No bean named 'errorChannel' has been explicitly defined. Therefore, a default PublishSubscribeChannel will be created.
[2024-06-19T10:48:35,457][INFO ][main][org.springframework.core.log.LogAccessor.info] No bean named 'integrationHeaderChannelRegistry' has been explicitly defined. Therefore, a default DefaultHeaderChannelRegistry will be created.
[2024-06-19T10:48:36,763][INFO ][main][ru.CryptoPro.JCP.tools.logger.BasicLogger.info] Loading Java CSP 5.0.45549-A, Crypto-Pro CSP 5.0.13000
[2024-06-19T10:48:36,772][INFO ][main][ru.CryptoPro.JCP.tools.logger.BasicLogger.info] Java CSP has been loaded.
[2024-06-19T10:48:38,238][INFO ][main][org.springframework.core.log.LogAccessor.info] Adding {logging-channel-adapter:_org.springframework.integration.errorLogger} as a subscriber to the 'errorChannel' channel
[2024-06-19T10:48:38,239][INFO ][main][org.springframework.core.log.LogAccessor.info] Channel 'demo.errorChannel' has 1 subscriber(s).
[2024-06-19T10:48:38,240][INFO ][main][org.springframework.core.log.LogAccessor.info] started bean '_org.springframework.integration.errorLogger'
[2024-06-19T10:48:38,241][INFO ][main][org.springframework.core.log.LogAccessor.info] Adding {service-activator} as a subscriber to the 'xmlFileReadingFlow.channel#0' channel
[2024-06-19T10:48:38,241][INFO ][main][org.springframework.core.log.LogAccessor.info] Channel 'demo.xmlFileReadingFlow.channel#0' has 1 subscriber(s).
[2024-06-19T10:48:38,242][INFO ][main][org.springframework.core.log.LogAccessor.info] started bean 'xmlFileReadingFlow.org.springframework.integration.config.ConsumerEndpointFactoryBean#0'; defined in: 'class path resource [com/example/internship_sender/config/IntegrationConfig.class]'; from source: 'bean method xmlFileReadingFlow'
[2024-06-19T10:48:38,242][INFO ][main][org.springframework.core.log.LogAccessor.info] Adding {service-activator} as a subscriber to the 'jsonFileReadingFlow.channel#0' channel
[2024-06-19T10:48:38,243][INFO ][main][org.springframework.core.log.LogAccessor.info] Channel 'demo.jsonFileReadingFlow.channel#0' has 1 subscriber(s).
[2024-06-19T10:48:38,243][INFO ][main][org.springframework.core.log.LogAccessor.info] started bean 'jsonFileReadingFlow.org.springframework.integration.config.ConsumerEndpointFactoryBean#0'; defined in: 'class path resource [com/example/internship_sender/config/IntegrationConfig.class]'; from source: 'bean method jsonFileReadingFlow'
[2024-06-19T10:48:38,249][INFO ][main][org.springframework.core.log.LogAccessor.info] started bean 'xmlFileReadingFlow.org.springframework.integration.config.SourcePollingChannelAdapterFactoryBean#0'; defined in: 'class path resource [com/example/internship_sender/config/IntegrationConfig.class]'; from source: 'bean method xmlFileReadingFlow'
[2024-06-19T10:48:38,251][INFO ][main][org.springframework.core.log.LogAccessor.info] started bean 'jsonFileReadingFlow.org.springframework.integration.config.SourcePollingChannelAdapterFactoryBean#0'; defined in: 'class path resource [com/example/internship_sender/config/IntegrationConfig.class]'; from source: 'bean method jsonFileReadingFlow'
[2024-06-19T10:48:38,261][INFO ][scheduling-1][com.example.internship_sender.service.CryptoService.signXmlFile] Старт метода подписи...
[2024-06-19T10:48:38,261][INFO ][scheduling-1][com.example.internship_sender.service.CryptoService.signXmlFile] Старт метода подписи...
[2024-06-19T10:48:38,267][INFO ][main][org.springframework.boot.StartupInfoLogger.logStarted] Started DemoApplicationTests in 4.564 seconds (process running for 6.67)
[2024-06-19T10:48:38,267][INFO ][main][org.springframework.boot.StartupInfoLogger.logStarted] Started DemoApplicationTests in 4.564 seconds (process running for 6.67)
[2024-06-19T10:48:39,012][INFO ][scheduling-1][com.example.internship_sender.service.CryptoService.signXmlFile] test
[2024-06-19T10:48:39,012][INFO ][scheduling-1][com.example.internship_sender.service.CryptoService.signXmlFile] test
[2024-06-19T10:48:39,109][INFO ][scheduling-1][org.springframework.amqp.rabbit.connection.AbstractConnectionFactory.connectAddresses] Attempting to connect to: [localhost:5672]
[2024-06-19T10:48:39,237][INFO ][scheduling-1][org.springframework.amqp.rabbit.connection.AbstractConnectionFactory.createBareConnection] Created new connection: rabbitConnectionFactory#3a38e4dc:0/SimpleConnection@76d4a130 [delegate=amqp://guest@127.0.0.1:5672/, localPort=62292]
[2024-06-19T10:48:40,037][INFO ][SpringApplicationShutdownHook][org.springframework.core.log.LogAccessor.info] stopped bean 'xmlFileReadingFlow.org.springframework.integration.config.SourcePollingChannelAdapterFactoryBean#0'; defined in: 'class path resource [com/example/internship_sender/config/IntegrationConfig.class]'; from source: 'bean method xmlFileReadingFlow'
[2024-06-19T10:48:40,038][INFO ][SpringApplicationShutdownHook][org.springframework.core.log.LogAccessor.info] stopped bean 'jsonFileReadingFlow.org.springframework.integration.config.SourcePollingChannelAdapterFactoryBean#0'; defined in: 'class path resource [com/example/internship_sender/config/IntegrationConfig.class]'; from source: 'bean method jsonFileReadingFlow'
[2024-06-19T10:48:40,039][INFO ][SpringApplicationShutdownHook][org.springframework.core.log.LogAccessor.info] Removing {service-activator} as a subscriber to the 'xmlFileReadingFlow.channel#0' channel
[2024-06-19T10:48:40,039][INFO ][SpringApplicationShutdownHook][org.springframework.core.log.LogAccessor.info] Channel 'demo.xmlFileReadingFlow.channel#0' has 0 subscriber(s).
[2024-06-19T10:48:40,039][INFO ][SpringApplicationShutdownHook][org.springframework.core.log.LogAccessor.info] stopped bean 'xmlFileReadingFlow.org.springframework.integration.config.ConsumerEndpointFactoryBean#0'; defined in: 'class path resource [com/example/internship_sender/config/IntegrationConfig.class]'; from source: 'bean method xmlFileReadingFlow'
[2024-06-19T10:48:40,040][INFO ][SpringApplicationShutdownHook][org.springframework.core.log.LogAccessor.info] Removing {service-activator} as a subscriber to the 'jsonFileReadingFlow.channel#0' channel
[2024-06-19T10:48:40,040][INFO ][SpringApplicationShutdownHook][org.springframework.core.log.LogAccessor.info] Channel 'demo.jsonFileReadingFlow.channel#0' has 0 subscriber(s).
[2024-06-19T10:48:40,041][INFO ][SpringApplicationShutdownHook][org.springframework.core.log.LogAccessor.info] stopped bean 'jsonFileReadingFlow.org.springframework.integration.config.ConsumerEndpointFactoryBean#0'; defined in: 'class path resource [com/example/internship_sender/config/IntegrationConfig.class]'; from source: 'bean method jsonFileReadingFlow'
[2024-06-19T10:48:40,056][INFO ][SpringApplicationShutdownHook][org.springframework.core.log.LogAccessor.info] Removing {logging-channel-adapter:_org.springframework.integration.errorLogger} as a subscriber to the 'errorChannel' channel
[2024-06-19T10:48:40,056][INFO ][SpringApplicationShutdownHook][org.springframework.core.log.LogAccessor.info] Channel 'demo.errorChannel' has 0 subscriber(s).
[2024-06-19T10:48:40,057][INFO ][SpringApplicationShutdownHook][org.springframework.core.log.LogAccessor.info] stopped bean '_org.springframework.integration.errorLogger'
